  AppController.c
c:\users\cse\source\repos\[cp3]07_201400875_김용준\[cp3]07_201400875_김용준\appcontroller.c(5): warning C4091: 'typedef ': 변수를 선언하지 않으면 '_AppController' 왼쪽은 무시됩니다.
  AppView.c
c:\users\cse\source\repos\[cp3]07_201400875_김용준\[cp3]07_201400875_김용준\appview.c(17): warning C4996: 'scanf': This function or variable may be unsafe. Consider using scanf_s instead. To disable deprecation, use _CRT_SECURE_NO_WARNINGS. See online help for details.
  c:\program files (x86)\windows kits\10\include\10.0.17763.0\ucrt\stdio.h(1274): note: 'scanf' 선언을 참조하십시오.
c:\users\cse\source\repos\[cp3]07_201400875_김용준\[cp3]07_201400875_김용준\appview.c(99): warning C4996: 'scanf': This function or variable may be unsafe. Consider using scanf_s instead. To disable deprecation, use _CRT_SECURE_NO_WARNINGS. See online help for details.
  c:\program files (x86)\windows kits\10\include\10.0.17763.0\ucrt\stdio.h(1274): note: 'scanf' 선언을 참조하십시오.
  Ban.c
c:\users\cse\source\repos\[cp3]07_201400875_김용준\[cp3]07_201400875_김용준\ban.c(8): warning C4091: 'typedef ': 변수를 선언하지 않으면 '_Ban' 왼쪽은 무시됩니다.
c:\users\cse\source\repos\[cp3]07_201400875_김용준\[cp3]07_201400875_김용준\ban.c(26): warning C4047: '=': 'Student **'의 간접 참조 수준이 'int *'과(와) 다릅니다.
  GradeCounter.c
c:\users\cse\source\repos\[cp3]07_201400875_김용준\[cp3]07_201400875_김용준\gradecounter.c(9): warning C4091: 'typedef ': 변수를 선언하지 않으면 '_GradeCounter' 왼쪽은 무시됩니다.
  Student.c
c:\users\cse\source\repos\[cp3]07_201400875_김용준\[cp3]07_201400875_김용준\student.c(11): warning C4996: 'strcpy': This function or variable may be unsafe. Consider using strcpy_s instead. To disable deprecation, use _CRT_SECURE_NO_WARNINGS. See online help for details.
  c:\program files (x86)\windows kits\10\include\10.0.17763.0\ucrt\string.h(133): note: 'strcpy' 선언을 참조하십시오.
c:\users\cse\source\repos\[cp3]07_201400875_김용준\[cp3]07_201400875_김용준\student.c(22): warning C4996: 'strcpy': This function or variable may be unsafe. Consider using strcpy_s instead. To disable deprecation, use _CRT_SECURE_NO_WARNINGS. See online help for details.
  c:\program files (x86)\windows kits\10\include\10.0.17763.0\ucrt\string.h(133): note: 'strcpy' 선언을 참조하십시오.
  main.c
  코드를 생성하고 있습니다...
c:\users\cse\source\repos\[cp3]07_201400875_김용준\[cp3]07_201400875_김용준\appview.c(101): warning C4716: 'AppView_Out_Msg_InvalidScore': 값을 반환해야 합니다.
  [CP3]07_201400875_김용준.vcxproj -> C:\Users\cse\source\repos\[CP3]07_201400875_김용준\Debug\[CP3]07_201400875_김용준.exe
